['Tas-Sienja,35|51/38@N,14|33/35@E,8604,Judios']
['Tas-Santi,35|54/22@N,14|21/23@E,3203,Musulmanes', '(35|51/38@N-14|33/35@E)']
['Tas-Samra,35|53/04@N,14|29/25@E,4614,Musulmanes', '(35|51/38@N-14|33/35@E)']
['Tas-Salvatur,35|51/03@N,14|27/07@E,8122,Bahas', '(35|53/04@N-14|29/25@E)']
['Tas-Salib,35|53/45@N,14|28/02@E,1761,Budistas Zen', '(35|53/04@N-14|29/25@E)']
['Tarxien,35|51/57@N,14|30/54@E,5434,Budistas Zen', '(35|54/22@N-14|21/23@E)']
['Tal-Vecca,35|51/22@N,14|22/37@E,2080,Budistas', '(35|51/57@N-14|30/54@E)']
['Tal-Qtates,35|52/10@N,14|29/34@E,971,Catolicos', '(35|51/57@N-14|30/54@E)']
['Tal-Pitkal,35|51/36@N,14|22/14@E,6004,Budistas Zen', '(35|51/22@N-14|22/37@E)']
['Tal-Papa,35|49/04@N,14|31/22@E,6879,Testigos de Jeova', '(35|54/22@N-14|21/23@E)']
['Tal-Palazz l-Ahmar,35|53/19@N,14|28/21@E,2681,Budistas', '(35|51/38@N-14|33/35@E)']
['Tal-Munxar,35|50/58@N,14|33/44@E,1008,Judios', '(35|53/19@N-14|28/21@E)']
['Tal-Mirakli,35|53/46@N,14|26/09@E,2421,Testigos de Jeova', '(35|53/04@N-14|29/25@E)']
['Tal-Milord,35|55/37@N,14|23/54@E,3260,Musulmanes', '(35|51/57@N-14|30/54@E)']
["Ta' Kappara,35|54/32@N,14|29/03@E,7016,Bahas"]
["Ta' Kandja,35|50/58@N,14|28/02@E,5971,Evangelicos", '(35|54/32@N-14|29/03@E)']
["Ta' Hida,36|02/43@N,14|17/04@E,6291,Testigos de Jeova", '(35|50/58@N-14|28/02@E)']
["Ta' Haxxluq,35|50/48@N,14|26/42@E,3750,Evangelicos", '(35|50/58@N-14|28/02@E)']
["Ta' Hamet,36|02/24@N,14|15/53@E,1180,Budistas Zen", '(35|50/58@N-14|28/02@E)']
["Ta' Gorgun,36|01/46@N,14|15/32@E,6796,Bahas", '(35|50/48@N-14|26/42@E)']
["Ta' Gokondu,35|55/21@N,14|28/20@E,5235,Bahas", '(36|02/24@N-14|15/53@E)']
["Ta' Giorni,35|54/48@N,14|29/11@E,1775,Testigos de Jeova", '(35|54/32@N-14|29/03@E)']
["Ta' Danieli,35|51/24@N,14|29/03@E,8266,Evangelicos", '(36|02/24@N-14|15/53@E)']
["Ta' Cikkun,35|54/42@N,14|29/00@E,5817,Evangelicos", '(35|51/24@N-14|29/03@E)']
["Ta' Ceppuna,35|52/25@N,14|29/37@E,5204,Budistas", '(35|50/58@N-14|28/02@E)']
["Ta' Cantar,35|52/11@N,14|32/12@E,5152,Catolicos", '(36|02/43@N-14|17/04@E)']
["Ta' Bullara,36|03/21@N,14|15/41@E,3687,Catolicos", '(35|54/48@N-14|29/11@E)']
["Ta' Brared,35|55/44@N,14|24/08@E,4986,Budistas Zen", '(35|54/32@N-14|29/03@E)']
['Victoria,36|02/40@N,14|14/23@E,2288,Bahas', '(35|55/44@N-14|24/08@E)']
['Valletta,35|53/59@N,14|30/53@E,9700,Budistas', '(35|51/24@N-14|29/03@E)']
['Taz-Zejt,35|54/21@N,14|28/12@E,6963,Catolicos', '(35|55/21@N-14|28/20@E)']
['Tad-Dwieli,35|53/04@N,14|28/35@E,6314,Budistas Zen']
['Tad-Duluri,35|53/16@N,14|29/26@E,5296,Evangelicos', '(35|53/04@N-14|28/35@E)']
['Tad-Dawl,35|51/03@N,14|28/20@E,3246,Testigos de Jeova', '(35|53/04@N-14|28/35@E)']
['Tac-Cawla,35|51/25@N,14|29/22@E,3647,Budistas', '(35|51/03@N-14|28/20@E)']
["Ta' Xbiex,35|53/57@N,14|29/40@E,4585,Bahas", '(35|51/03@N-14|28/20@E)']
["Ta' Sardina,36|02/45@N,14|17/04@E,1941,Bahas", '(35|51/03@N-14|28/20@E)']
["Ta' San Niklaw,35|50/08@N,14|26/30@E,7052,Catolicos", '(35|53/57@N-14|29/40@E)']
["Ta' San Gwakkin,35|53/12@N,14|27/57@E,6625,Budistas", '(35|51/25@N-14|29/22@E)']
["Ta' San Girgor,35|51/10@N,14|32/13@E,2592,Judios", '(35|53/16@N-14|29/26@E)']
["Ta' Qali,35|53/39@N,14|25/38@E,6048,Budistas Zen", '(35|51/03@N-14|28/20@E)']
["Ta' Penza,35|52/30@N,14|31/17@E,8121,Catolicos", '(35|51/03@N-14|28/20@E)']
["Ta' Monita,35|51/58@N,14|33/53@E,3567,Bahas", '(35|51/25@N-14|29/22@E)']
["Ta' Mlit,35|54/13@N,14|25/43@E,1984,Budistas", '(35|51/10@N-14|32/13@E)']
["Ta' Lampuka,35|52/01@N,14|30/31@E,3463,Musulmanes", '(35|53/16@N-14|29/26@E)']
["Ta' l-Infetti,35|52/29@N,14|26/37@E,3388,Budistas", '(35|51/58@N-14|33/53@E)']
["Ta' l-Imghajjen,36|02/19@N,14|15/11@E,6011,Evangelicos", '(35|53/04@N-14|28/35@E)']
["Ta' l-Ibrag,35|54/56@N,14|27/52@E,5463,Testigos de Jeova", '(35|53/16@N-14|29/26@E)']
["Ta' l-Abatija,35|54/27@N,14|21/01@E,4395,Bahas", '(35|51/25@N-14|29/22@E)']
['Tas-Sienja,35|51/38@N,14|33/35@E,8604,Judios', ('35|51/38@N', '14|33/35@E'), 27]
['Tas-Santi,35|54/22@N,14|21/23@E,3203,Musulmanes', ('35|54/22@N', '14|21/23@E'), 19]
['Tas-Samra,35|53/04@N,14|29/25@E,4614,Musulmanes', ('35|53/04@N', '14|29/25@E'), 25]
['Tas-Salvatur,35|51/03@N,14|27/07@E,8122,Bahas', ('35|51/03@N', '14|27/07@E'), 13]
['Tas-Salib,35|53/45@N,14|28/02@E,1761,Budistas Zen', ('35|53/45@N', '14|28/02@E'), 23]
['Tarxien,35|51/57@N,14|30/54@E,5434,Budistas Zen', ('35|51/57@N', '14|30/54@E'), 21]
['Tal-Vecca,35|51/22@N,14|22/37@E,2080,Budistas', ('35|51/22@N', '14|22/37@E'), 2]
['Tal-Qtates,35|52/10@N,14|29/34@E,971,Catolicos', ('35|52/10@N', '14|29/34@E'), 35]
['Tal-Pitkal,35|51/36@N,14|22/14@E,6004,Budistas Zen', ('35|51/36@N', '14|22/14@E'), 0]
['Tal-Papa,35|49/04@N,14|31/22@E,6879,Testigos de Jeova', ('35|49/04@N', '14|31/22@E'), 25]
['Tal-Palazz l-Ahmar,35|53/19@N,14|28/21@E,2681,Budistas', ('35|53/19@N', '14|28/21@E'), 26]
['Tal-Munxar,35|50/58@N,14|33/44@E,1008,Judios', ('35|50/58@N', '14|33/44@E'), 31]
['Tal-Mirakli,35|53/46@N,14|26/09@E,2421,Testigos de Jeova', ('35|53/46@N', '14|26/09@E'), 29]
['Tal-Milord,35|55/37@N,14|23/54@E,3260,Musulmanes', ('35|55/37@N', '14|23/54@E'), 31]
["Ta' Kappara,35|54/32@N,14|29/03@E,7016,Bahas", ('35|54/32@N', '14|29/03@E'), 8]
["Ta' Kandja,35|50/58@N,14|28/02@E,5971,Evangelicos", ('35|50/58@N', '14|28/02@E'), 16]
["Ta' Hida,36|02/43@N,14|17/04@E,6291,Testigos de Jeova", ('36|02/43@N', '14|17/04@E'), 32]
["Ta' Haxxluq,35|50/48@N,14|26/42@E,3750,Evangelicos", ('35|50/48@N', '14|26/42@E'), 35]
["Ta' Hamet,36|02/24@N,14|15/53@E,1180,Budistas Zen", ('36|02/24@N', '14|15/53@E'), 15]
["Ta' Gorgun,36|01/46@N,14|15/32@E,6796,Bahas", ('36|01/46@N', '14|15/32@E'), 29]
["Ta' Gokondu,35|55/21@N,14|28/20@E,5235,Bahas", ('35|55/21@N', '14|28/20@E'), 22]
["Ta' Giorni,35|54/48@N,14|29/11@E,1775,Testigos de Jeova", ('35|54/48@N', '14|29/11@E'), 26]
["Ta' Danieli,35|51/24@N,14|29/03@E,8266,Evangelicos", ('35|51/24@N', '14|29/03@E'), 9]
["Ta' Cikkun,35|54/42@N,14|29/00@E,5817,Evangelicos", ('35|54/42@N', '14|29/00@E'), 6]
["Ta' Ceppuna,35|52/25@N,14|29/37@E,5204,Budistas", ('35|52/25@N', '14|29/37@E'), 2]
["Ta' Cantar,35|52/11@N,14|32/12@E,5152,Catolicos", ('35|52/11@N', '14|32/12@E'), 24]
["Ta' Bullara,36|03/21@N,14|15/41@E,3687,Catolicos", ('36|03/21@N', '14|15/41@E'), 5]
["Ta' Brared,35|55/44@N,14|24/08@E,4986,Budistas Zen", ('35|55/44@N', '14|24/08@E'), 4]
['Victoria,36|02/40@N,14|14/23@E,2288,Bahas', ('36|02/40@N', '14|14/23@E'), 14]
['Valletta,35|53/59@N,14|30/53@E,9700,Budistas', ('35|53/59@N', '14|30/53@E'), 17]
['Taz-Zejt,35|54/21@N,14|28/12@E,6963,Catolicos', ('35|54/21@N', '14|28/12@E'), 34]
['Tad-Dwieli,35|53/04@N,14|28/35@E,6314,Budistas Zen', ('35|53/04@N', '14|28/35@E'), 5]
['Tad-Duluri,35|53/16@N,14|29/26@E,5296,Evangelicos', ('35|53/16@N', '14|29/26@E'), 0]
['Tad-Dawl,35|51/03@N,14|28/20@E,3246,Testigos de Jeova', ('35|51/03@N', '14|28/20@E'), 30]
['Tac-Cawla,35|51/25@N,14|29/22@E,3647,Budistas', ('35|51/25@N', '14|29/22@E'), 17]
["Ta' Xbiex,35|53/57@N,14|29/40@E,4585,Bahas", ('35|53/57@N', '14|29/40@E'), 32]
["Ta' Sardina,36|02/45@N,14|17/04@E,1941,Bahas", ('36|02/45@N', '14|17/04@E'), 0]
["Ta' San Niklaw,35|50/08@N,14|26/30@E,7052,Catolicos", ('35|50/08@N', '14|26/30@E'), 28]
["Ta' San Gwakkin,35|53/12@N,14|27/57@E,6625,Budistas", ('35|53/12@N', '14|27/57@E'), 30]
["Ta' San Girgor,35|51/10@N,14|32/13@E,2592,Judios", ('35|51/10@N', '14|32/13@E'), 18]
["Ta' Qali,35|53/39@N,14|25/38@E,6048,Budistas Zen", ('35|53/39@N', '14|25/38@E'), 0]
["Ta' Penza,35|52/30@N,14|31/17@E,8121,Catolicos", ('35|52/30@N', '14|31/17@E'), 35]
["Ta' Monita,35|51/58@N,14|33/53@E,3567,Bahas", ('35|51/58@N', '14|33/53@E'), 3]
["Ta' Mlit,35|54/13@N,14|25/43@E,1984,Budistas", ('35|54/13@N', '14|25/43@E'), 13]
["Ta' Lampuka,35|52/01@N,14|30/31@E,3463,Musulmanes", ('35|52/01@N', '14|30/31@E'), 14]
["Ta' l-Infetti,35|52/29@N,14|26/37@E,3388,Budistas", ('35|52/29@N', '14|26/37@E'), 30]
["Ta' l-Imghajjen,36|02/19@N,14|15/11@E,6011,Evangelicos", ('36|02/19@N', '14|15/11@E'), 0]
["Ta' l-Ibrag,35|54/56@N,14|27/52@E,5463,Testigos de Jeova", ('35|54/56@N', '14|27/52@E'), 33]
["Ta' l-Abatija,35|54/27@N,14|21/01@E,4395,Bahas", ('35|54/27@N', '14|21/01@E'), 36]
